<?xml version="1.0" encoding="UTF-8"?>
<!-- Generated by org.testng.reporters.JUnitReportReporter -->
<testsuite hostname="DESKTOP-28IOE2H" failures="0" tests="1" name="com.ShoppersStack_TestScript.TC_001_verify_address_is_added_or_not" time="28.557" errors="0" timestamp="2025-04-03T11:35:23 IST" skipped="0">
  <testcase classname="com.ShoppersStack_TestScript.TC_001_verify_address_is_added_or_not" name="addAddress" time="28.557"/>
</testsuite> <!-- com.ShoppersStack_TestScript.TC_001_verify_address_is_added_or_not -->
