<?xml version="1.0" encoding="UTF-8"?>
<!-- Generated by org.testng.reporters.JUnitReportReporter -->
<testsuite hostname="DESKTOP-28IOE2H" failures="0" tests="1" name="com.ShoppersStack_TestScript.TC_002_verify_user_is_able_to_delete_address_or_not" time="21.111" errors="0" timestamp="2025-04-03T11:28:56 IST" skipped="0">
  <testcase classname="com.ShoppersStack_TestScript.TC_002_verify_user_is_able_to_delete_address_or_not" name="deleteAddress" time="21.111"/>
</testsuite> <!-- com.ShoppersStack_TestScript.TC_002_verify_user_is_able_to_delete_address_or_not -->
